<?xml version="1.0" encoding="UTF-8"?>
<!-- Generated by org.testng.reporters.JUnitReportReporter -->
<testsuite hostname="Rounit" failures="0" tests="2" name="com.rs.Mavenjava.APITest" time="0.003" errors="0" timestamp="07 Jul 2022 08:32:22 GMT" skipped="0">
  <testcase classname="com.rs.Mavenjava.APITest" name="deleteTwitter" time="0.002"/>
  <testcase classname="com.rs.Mavenjava.APITest" name="postJira" time="0.001"/>
</testsuite> <!-- com.rs.Mavenjava.APITest -->
