<?xml version="1.0" encoding="UTF-8"?>
<!-- Generated by org.testng.reporters.JUnitReportReporter -->
<testsuite hostname="Rounit" failures="0" tests="2" name="com.rs.Mavenjava.AppiumTest" time="0.012" errors="0" timestamp="07 Jul 2022 08:34:19 GMT" skipped="0">
  <testcase classname="com.rs.Mavenjava.AppiumTest" name="IOSApps" time="0.007"/>
  <testcase classname="com.rs.Mavenjava.AppiumTest" name="NativeAPpAndroid" time="0.005"/>
</testsuite> <!-- com.rs.Mavenjava.AppiumTest -->
